[    0.000000] Linux version 4.15.0-76-generic (buildd@lcy01-amd64-029) (gcc version 7.4.0 (Ubuntu 7.4.0-1ubuntu1~18.04.1)) #86-Ubuntu SMP Fri Jan 17 17:24:28 UTC 2020 (Ubuntu 4.15.0-76.86-generic 4.15.18)
[    0.000000] Command line: BOOT_IMAGE=/boot/vmlinuz-4.15.0-76-generic root=UUID=06939aff-ebbb-404e-af75-c50f2c650070 ro console=tty1 console=ttyS0
[    0.000000] KERNEL supported cpus:
[    0.000000]   Intel GenuineIntel
[    0.000000]   AMD AuthenticAMD
[    0.000000]   Centaur CentaurHauls
[    0.000000] x86/fpu: Supporting XSAVE feature 0x001: 'x87 floating point registers'
[    0.000000] x86/fpu: Supporting XSAVE feature 0x002: 'SSE registers'
[    0.000000] x86/fpu: Supporting XSAVE feature 0x004: 'AVX registers'
[    0.000000] x86/fpu: xstate_offset[2]:  576, xstate_sizes[2]:  256
[    0.000000] x86/fpu: Enabled xstate features 0x7, context size is 832 bytes, using 'standard' format.
[    0.000000] e820: BIOS-provided physical RAM map:
[    0.000000] BIOS-e820: [mem 0x0000000000000000-0x000000000009fbff] usable
[    0.000000] BIOS-e820: [mem 0x000000000009fc00-0x000000000009ffff] reserved
[    0.000000] BIOS-e820: [mem 0x00000000000f0000-0x00000000000fffff] reserved
[    0.000000] BIOS-e820: [mem 0x0000000000100000-0x000000007ffeffff] usable
[    0.000000] BIOS-e820: [mem 0x000000007fff0000-0x000000007fffffff] ACPI data
[    0.000000] BIOS-e820: [mem 0x00000000fec00000-0x00000000fec00fff] reserved
[    0.000000] BIOS-e820: [mem 0x00000000fee00000-0x00000000fee00fff] reserved
[    0.000000] BIOS-e820: [mem 0x00000000fffc0000-0x00000000ffffffff] reserved
[    0.000000] NX (Execute Disable) protection: active
[    0.000000] SMBIOS 2.5 present.
[    0.000000] DMI: innotek GmbH VirtualBox/VirtualBox, BIOS VirtualBox 12/01/2006
[    0.000000] Hypervisor detected: KVM
[    0.000000] e820: last_pfn = 0x7fff0 max_arch_pfn = 0x400000000
[    0.000000] MTRR: Disabled
[    0.000000] x86/PAT: MTRRs disabled, skipping PAT initialization too.
[    0.000000] CPU MTRRs all blank - virtualized system.
[    0.000000] x86/PAT: Configuration [0-7]: WB  WT  UC- UC  WB  WT  UC- UC  
[    0.000000] found SMP MP-table at [mem 0x0009fff0-0x0009ffff]
[    0.000000] Scanning 1 areas for low memory corruption
[    0.000000] RAMDISK: [mem 0x35963000-0x36ca8fff]
[    0.000000] ACPI: Early table checksum verification disabled
[    0.000000] ACPI: RSDP 0x00000000000E0000 000024 (v02 VBOX  )
[    0.000000] ACPI: XSDT 0x000000007FFF0030 00003C (v01 VBOX   VBOXXSDT 00000001 ASL  00000061)
[    0.000000] ACPI: FACP 0x000000007FFF00F0 0000F4 (v04 VBOX   VBOXFACP 00000001 ASL  00000061)
[    0.000000] ACPI: DSDT 0x000000007FFF0470 0022EA (v02 VBOX   VBOXBIOS 00000002 INTL 20190509)
[    0.000000] ACPI: FACS 0x000000007FFF0200 000040
[    0.000000] ACPI: FACS 0x000000007FFF0200 000040
[    0.000000] ACPI: APIC 0x000000007FFF0240 00005C (v02 VBOX   VBOXAPIC 00000001 ASL  00000061)
[    0.000000] ACPI: SSDT 0x000000007FFF02A0 0001CC (v01 VBOX   VBOXCPUT 00000002 INTL 20190509)
[    0.000000] No NUMA configuration found
[    0.000000] Faking a node at [mem 0x0000000000000000-0x000000007ffeffff]
[    0.000000] NODE_DATA(0) allocated [mem 0x7ffc5000-0x7ffeffff]
[    0.000000] kvm-clock: cpu 0, msr 0:7ff44001, primary cpu clock
[    0.000000] kvm-clock: Using msrs 4b564d01 and 4b564d00
[    0.000000] kvm-clock: using sched offset of 3276342801 cycles
[    0.000000] clocksource: kvm-clock: mask: 0xffffffffffffffff max_cycles: 0x1cd42e4dffb, max_idle_ns: 881590591483 ns
[    0.000000] Zone ranges:
[    0.000000]   DMA      [mem 0x0000000000001000-0x0000000000ffffff]
[    0.000000]   DMA32    [mem 0x0000000001000000-0x000000007ffeffff]
[    0.000000]   Normal   empty
[    0.000000]   Device   empty
[    0.000000] Movable zone start for each node
[    0.000000] Early memory node ranges
[    0.000000]   node   0: [mem 0x0000000000001000-0x000000000009efff]
[    0.000000]   node   0: [mem 0x0000000000100000-0x000000007ffeffff]
[    0.000000] Reserved but unavailable: 98 pages
[    0.000000] Initmem setup node 0 [mem 0x0000000000001000-0x000000007ffeffff]
[    0.000000] ACPI: PM-Timer IO Port: 0x4008
[    0.000000] IOAPIC[0]: apic_id 2, version 32, address 0xfec00000, GSI 0-23
[    0.000000] ACPI: INT_SRC_OVR (bus 0 bus_irq 0 global_irq 2 dfl dfl)
[    0.000000] ACPI: INT_SRC_OVR (bus 0 bus_irq 9 global_irq 9 low level)
[    0.000000] Using ACPI (MADT) for SMP configuration information
[    0.000000] smpboot: Allowing 2 CPUs, 0 hotplug CPUs
[    0.000000] PM: Registered nosave memory: [mem 0x00000000-0x00000fff]
[    0.000000] PM: Registered nosave memory: [mem 0x0009f000-0x0009ffff]
[    0.000000] PM: Registered nosave memory: [mem 0x000a0000-0x000effff]
[    0.000000] PM: Registered nosave memory: [mem 0x000f0000-0x000fffff]
[    0.000000] e820: [mem 0x80000000-0xfebfffff] available for PCI devices
[    0.000000] Booting paravirtualized kernel on KVM
[    0.000000] clocksource: refined-jiffies: mask: 0xffffffff max_cycles: 0xffffffff, max_idle_ns: 7645519600211568 ns
[    0.000000] random: get_random_bytes called from start_kernel+0x99/0x4fd with crng_init=0
[    0.000000] setup_percpu: NR_CPUS:8192 nr_cpumask_bits:2 nr_cpu_ids:2 nr_node_ids:1
[    0.000000] percpu: Embedded 45 pages/cpu s147456 r8192 d28672 u1048576
[    0.000000] PV qspinlock hash table entries: 256 (order: 0, 4096 bytes)
[    0.000000] Built 1 zonelists, mobility grouping on.  Total pages: 515961
[    0.000000] Policy zone: DMA32
[    0.000000] Kernel command line: BOOT_IMAGE=/boot/vmlinuz-4.15.0-76-generic root=UUID=06939aff-ebbb-404e-af75-c50f2c650070 ro console=tty1 console=ttyS0
[    0.000000] Memory: 2014736K/2096696K available (12300K kernel code, 2481K rwdata, 4260K rodata, 2428K init, 2704K bss, 81960K reserved, 0K cma-reserved)
[    0.000000] SLUB: HWalign=64, Order=0-3, MinObjects=0, CPUs=2, Nodes=1
[    0.000000] Kernel/User page tables isolation: enabled
[    0.000000] ftrace: allocating 39322 entries in 154 pages
[    0.004000] Hierarchical RCU implementation.
[    0.004000] 	RCU restricting CPUs from NR_CPUS=8192 to nr_cpu_ids=2.
[    0.004000] 	Tasks RCU enabled.
[    0.004000] RCU: Adjusting geometry for rcu_fanout_leaf=16, nr_cpu_ids=2
[    0.004000] NR_IRQS: 524544, nr_irqs: 440, preallocated irqs: 16
[    0.004000] Console: colour VGA+ 80x25
[    0.004000] console [tty1] enabled
[    0.004000] console [ttyS0] enabled
[    0.004000] ACPI: Core revision 20170831
[    0.004000] ACPI: 2 ACPI AML tables successfully acquired and loaded
[    0.004000] APIC: Switch to symmetric I/O mode setup
[    0.004000] x2apic enabled
[    0.004000] Switched APIC routing to physical x2apic.
[    0.004000] ..TIMER: vector=0x30 apic1=0 pin1=2 apic2=-1 pin2=-1
[    0.004005] tsc: Detected 2808.054 MHz processor
[    0.005054] Calibrating delay loop (skipped) preset value.. 5616.10 BogoMIPS (lpj=11232216)
[    0.005350] pid_max: default: 32768 minimum: 301
[    0.006187] Security Framework initialized
[    0.008005] Yama: becoming mindful.
[    0.008660] AppArmor: AppArmor initialized
[    0.010273] Dentry cache hash table entries: 262144 (order: 9, 2097152 bytes)
[    0.012000] Inode-cache hash table entries: 131072 (order: 8, 1048576 bytes)
[    0.012026] Mount-cache hash table entries: 4096 (order: 3, 32768 bytes)
[    0.016007] Mountpoint-cache hash table entries: 4096 (order: 3, 32768 bytes)
[    0.017393] Last level iTLB entries: 4KB 64, 2MB 8, 4MB 8
[    0.018267] Last level dTLB entries: 4KB 64, 2MB 0, 4MB 0, 1GB 4
[    0.020004] Spectre V1 : Mitigation: usercopy/swapgs barriers and __user pointer sanitization
[    0.021343] Spectre V2 : Mitigation: Full generic retpoline
[    0.022284] Spectre V2 : Spectre v2 / SpectreRSB mitigation: Filling RSB on context switch
[    0.023664] Speculative Store Bypass: Vulnerable
[    0.024042] MDS: Mitigation: Clear CPU buffers
[    0.025011] Freeing SMP alternatives memory: 36K
[    0.136532] smpboot: CPU0: Intel(R) Core(TM) i7-7700HQ CPU @ 2.80GHz (family: 0x6, model: 0x9e, stepping: 0x9)
[    0.138219] Performance Events: unsupported p6 CPU model 158 no PMU driver, software events only.
[    0.139833] Hierarchical SRCU implementation.
[    0.140869] NMI watchdog: Perf event create on CPU 0 failed with -2
[    0.142124] NMI watchdog: Perf NMI watchdog permanently disabled
[    0.143230] smp: Bringing up secondary CPUs ...
[    0.144109] x86: Booting SMP configuration:
[    0.144796] .... node  #0, CPUs:      #1
[    0.004000] kvm-clock: cpu 1, msr 0:7ff44041, secondary cpu clock
[    0.148042] smp: Brought up 1 node, 2 CPUs
[    0.148658] smpboot: Max logical packages: 1
[    0.149220] smpboot: Total of 2 processors activated (11232.21 BogoMIPS)
[    0.150223] devtmpfs: initialized
[    0.150223] x86/mm: Memory block size: 128MB
[    0.150223] evm: security.selinux
[    0.152007] evm: security.SMACK64
[    0.152470] evm: security.SMACK64EXEC
[    0.153033] evm: security.SMACK64TRANSMUTE
[    0.153601] evm: security.SMACK64MMAP
[    0.154140] evm: security.apparmor
[    0.155502] evm: security.ima
[    0.156000] evm: security.capability
[    0.156183] clocksource: jiffies: mask: 0xffffffff max_cycles: 0xffffffff, max_idle_ns: 7645041785100000 ns
[    0.160014] futex hash table entries: 512 (order: 3, 32768 bytes)
[    0.161058] pinctrl core: initialized pinctrl subsystem
[    0.162040] RTC time: 20:06:41, date: 09/14/20
[    0.164223] NET: Registered protocol family 16
[    0.165020] audit: initializing netlink subsys (disabled)
[    0.165904] audit: type=2000 audit(1600114006.510:1): state=initialized audit_enabled=0 res=1
[    0.165904] cpuidle: using governor ladder
[    0.165904] cpuidle: using governor menu
[    0.168053] ACPI: bus type PCI registered
[    0.168733] acpiphp: ACPI Hot Plug PCI Controller Driver version: 0.5
[    0.169856] PCI: Using configuration type 1 for base access
[    0.172865] HugeTLB registered 2.00 MiB page size, pre-allocated 0 pages
[    0.173144] ACPI: Added _OSI(Module Device)
[    0.173144] ACPI: Added _OSI(Processor Device)
[    0.176004] ACPI: Added _OSI(3.0 _SCP Extensions)
[    0.176725] ACPI: Added _OSI(Processor Aggregator Device)
[    0.177546] ACPI: Added _OSI(Linux-Dell-Video)
[    0.178321] ACPI: Added _OSI(Linux-Lenovo-NV-HDMI-Audio)
[    0.180005] ACPI: Added _OSI(Linux-HPI-Hybrid-Graphics)
[    0.181160] ACPI: Executed 1 blocks of module-level executable AML code
[    0.185312] ACPI: Interpreter enabled
[    0.185961] ACPI: (supports S0 S5)
[    0.186566] ACPI: Using IOAPIC for interrupt routing
[    0.187798] PCI: Using host bridge windows from ACPI; if necessary, use "pci=nocrs" and report a bug
[    0.188147] ACPI: Enabled 2 GPEs in block 00 to 07
[    0.193072] ACPI: PCI Root Bridge [PCI0] (domain 0000 [bus 00-ff])
[    0.196010] acpi PNP0A03:00: _OSC: OS supports [ASPM ClockPM Segments MSI]
[    0.197528] acpi PNP0A03:00: _OSC: not requesting OS control; OS requires [ExtendedConfig ASPM ClockPM MSI]
[    0.199118] acpi PNP0A03:00: fail to add MMCONFIG information, can't access extended PCI configuration space under this bridge.
[    0.200342] PCI host bridge to bus 0000:00
[    0.201076] pci_bus 0000:00: root bus resource [io  0x0000-0x0cf7 window]
[    0.202104] pci_bus 0000:00: root bus resource [io  0x0d00-0xffff window]
[    0.204007] pci_bus 0000:00: root bus resource [mem 0x000a0000-0x000bffff window]
[    0.205217] pci_bus 0000:00: root bus resource [mem 0x80000000-0xfdffffff window]
[    0.206458] pci_bus 0000:00: root bus resource [bus 00-ff]
[    0.209619] pci 0000:00:01.1: legacy IDE quirk: reg 0x10: [io  0x01f0-0x01f7]
[    0.210774] pci 0000:00:01.1: legacy IDE quirk: reg 0x14: [io  0x03f6]
[    0.212005] pci 0000:00:01.1: legacy IDE quirk: reg 0x18: [io  0x0170-0x0177]
[    0.213094] pci 0000:00:01.1: legacy IDE quirk: reg 0x1c: [io  0x0376]
[    0.240271] pci 0000:00:07.0: quirk: [io  0x4000-0x403f] claimed by PIIX4 ACPI
[    0.241520] pci 0000:00:07.0: quirk: [io  0x4100-0x410f] claimed by PIIX4 SMB
[    0.258230] ACPI: PCI Interrupt Link [LNKA] (IRQs 5 9 10 *11)
[    0.259407] ACPI: PCI Interrupt Link [LNKB] (IRQs 5 9 *10 11)
[    0.260126] ACPI: PCI Interrupt Link [LNKC] (IRQs 5 *9 10 11)
[    0.261164] ACPI: PCI Interrupt Link [LNKD] (IRQs 5 9 10 *11)
[    0.262512] SCSI subsystem initialized
[    0.263220] pci 0000:00:02.0: vgaarb: setting as boot VGA device
[    0.263220] pci 0000:00:02.0: vgaarb: VGA device added: decodes=io+mem,owns=io+mem,locks=none
[    0.264033] pci 0000:00:02.0: vgaarb: bridge control possible
[    0.265017] vgaarb: loaded
[    0.265513] ACPI: bus type USB registered
[    0.268029] usbcore: registered new interface driver usbfs
[    0.268905] usbcore: registered new interface driver hub
[    0.269959] usbcore: registered new device driver usb
[    0.270955] EDAC MC: Ver: 3.0.0
[    0.272181] PCI: Using ACPI for IRQ routing
[    0.272995] NetLabel: Initializing
[    0.273608] NetLabel:  domain hash size = 128
[    0.274303] NetLabel:  protocols = UNLABELED CIPSOv4 CALIPSO
[    0.275377] NetLabel:  unlabeled traffic allowed by default
[    0.276107] clocksource: Switched to clocksource kvm-clock
[    0.288844] VFS: Disk quotas dquot_6.6.0
[    0.289548] VFS: Dquot-cache hash table entries: 512 (order 0, 4096 bytes)
[    0.290811] AppArmor: AppArmor Filesystem Enabled
[    0.291712] pnp: PnP ACPI init
[    0.293102] pnp: PnP ACPI: found 3 devices
[    0.301890] clocksource: acpi_pm: mask: 0xffffff max_cycles: 0xffffff, max_idle_ns: 2085701024 ns
[    0.303451] NET: Registered protocol family 2
[    0.304406] TCP established hash table entries: 16384 (order: 5, 131072 bytes)
[    0.305768] TCP bind hash table entries: 16384 (order: 6, 262144 bytes)
[    0.306969] TCP: Hash tables configured (established 16384 bind 16384)
[    0.308760] UDP hash table entries: 1024 (order: 3, 32768 bytes)
[    0.309685] UDP-Lite hash table entries: 1024 (order: 3, 32768 bytes)
[    0.310734] NET: Registered protocol family 1
[    0.311495] pci 0000:00:00.0: Limiting direct PCI/PCI transfers
[    0.312521] pci 0000:00:01.0: Activating ISA DMA hang workarounds
[    0.313534] pci 0000:00:02.0: Video device with shadowed ROM at [mem 0x000c0000-0x000dffff]
[    0.315001] Unpacking initramfs...
[    0.576874] Freeing initrd memory: 19736K
[    0.577653] clocksource: tsc: mask: 0xffffffffffffffff max_cycles: 0x2879f922ee2, max_idle_ns: 440795272326 ns
[    0.579167] platform rtc_cmos: registered platform RTC device (no PNP device found)
[    0.580602] Scanning for low memory corruption every 60 seconds
[    0.582239] Initialise system trusted keyrings
[    0.582972] Key type blacklist registered
[    0.583772] workingset: timestamp_bits=36 max_order=19 bucket_order=0
[    0.586085] zbud: loaded
[    0.587124] squashfs: version 4.0 (2009/01/31) Phillip Lougher
[    0.588297] fuse init (API version 7.26)
[    0.590924] Key type asymmetric registered
[    0.591732] Asymmetric key parser 'x509' registered
[    0.592709] Block layer SCSI generic (bsg) driver version 0.4 loaded (major 246)
[    0.594032] io scheduler noop registered
[    0.594732] io scheduler deadline registered
[    0.595467] io scheduler cfq registered (default)
[    0.596877] ACPI: AC Adapter [AC] (on-line)
[    0.597582] input: Power Button as /devices/LNXSYSTM:00/LNXPWRBN:00/input/input0
[    0.598845] ACPI: Power Button [PWRF]
[    0.599586] input: Sleep Button as /devices/LNXSYSTM:00/LNXSLPBN:00/input/input1
[    0.600912] ACPI: Sleep Button [SLPF]
[    0.602143] Serial: 8250/16550 driver, 32 ports, IRQ sharing enabled
[    0.624209] 00:02: ttyS0 at I/O 0x3f8 (irq = 4, base_baud = 115200) is a 16550A
[    0.628552] Linux agpgart interface v0.103
[    0.630868] loop: module loaded
[    0.631860] scsi host0: ata_piix
[    0.632565] scsi host1: ata_piix
[    0.633123] ata1: PATA max UDMA/33 cmd 0x1f0 ctl 0x3f6 bmdma 0xd000 irq 14
[    0.634251] ata2: PATA max UDMA/33 cmd 0x170 ctl 0x376 bmdma 0xd008 irq 15
[    0.635715] libphy: Fixed MDIO Bus: probed
[    0.636454] tun: Universal TUN/TAP device driver, 1.6
[    0.637359] PPP generic driver version 2.4.2
[    0.638407] ehci_hcd: USB 2.0 'Enhanced' Host Controller (EHCI) Driver
[    0.639735] ehci-pci: EHCI PCI platform driver
[    0.640577] ehci-platform: EHCI generic platform driver
[    0.641520] ohci_hcd: USB 1.1 'Open' Host Controller (OHCI) Driver
[    0.642538] ohci-pci: OHCI PCI platform driver
[    0.643263] ohci-platform: OHCI generic platform driver
[    0.644157] uhci_hcd: USB Universal Host Controller Interface driver
[    0.646259] i8042: PNP: PS/2 Controller [PNP0303:PS2K,PNP0f03:PS2M] at 0x60,0x64 irq 1,12
[    0.649096] serio: i8042 KBD port at 0x60,0x64 irq 1
[    0.649929] serio: i8042 AUX port at 0x60,0x64 irq 12
[    0.650956] mousedev: PS/2 mouse device common for all mice
[    0.652556] input: AT Translated Set 2 keyboard as /devices/platform/i8042/serio0/input/input2
[    0.654214] rtc_cmos rtc_cmos: rtc core: registered rtc_cmos as rtc0
[    0.655248] rtc_cmos rtc_cmos: alarms up to one day, 114 bytes nvram
[    0.656626] i2c /dev entries driver
[    0.657229] device-mapper: uevent: version 1.0.3
[    0.658075] device-mapper: ioctl: 4.37.0-ioctl (2017-09-20) initialised: dm-devel@redhat.com
[    0.659314] ledtrig-cpu: registered to indicate activity on CPUs
[    0.660559] NET: Registered protocol family 10
[    0.664662] Segment Routing with IPv6
[    0.665274] NET: Registered protocol family 17
[    0.665909] Key type dns_resolver registered
[    0.666665] mce: Using 0 MCE banks
[    0.667136] RAS: Correctable Errors collector initialized.
[    0.667855] sched_clock: Marking stable (666643723, 0)->(829253080, -162609357)
[    0.671401] registered taskstats version 1
[    0.672559] Loading compiled-in X.509 certificates
[    0.675614] Loaded X.509 cert 'Build time autogenerated kernel key: 665cd2b89e03521f57c41865f552ebce30a0c7fb'
[    0.677325] zswap: loaded using pool lzo/zbud
[    0.682021] Key type big_key registered
[    0.682608] Key type trusted registered
[    0.688040] Key type encrypted registered
[    0.688686] AppArmor: AppArmor sha1 policy hashing enabled
[    0.689405] ima: No TPM chip found, activating TPM-bypass! (rc=-19)
[    0.690218] ima: Allocated hash algorithm: sha1
[    0.690898] evm: HMAC attrs: 0x1
[    0.691611]   Magic number: 4:258:144
[    0.692179] ata_port ata1: hash matches
[    0.695333]  ata1: hash matches
[    0.696265] rtc_cmos rtc_cmos: setting system clock to 2020-09-14 20:06:42 UTC (1600114002)
[    0.698068] BIOS EDD facility v0.16 2004-Jun-25, 0 devices found
[    0.699688] EDD information not available.
[    0.794782] Freeing unused kernel image memory: 2428K
[    0.816313] Write protecting the kernel read-only data: 20480k
[    0.817609] Freeing unused kernel image memory: 2008K
[    0.818541] Freeing unused kernel image memory: 1884K
[    0.825416] x86/mm: Checked W+X mappings: passed, no W+X pages found.
[    0.826320] x86/mm: Checking user space page tables
[    0.833057] x86/mm: Checked W+X mappings: passed, no W+X pages found.
Loading, please wait...
starting version 237
[    0.890429] e1000: Intel(R) PRO/1000 Network Driver - version 7.3.21-k8-NAPI
[    0.891364] e1000: Copyright (c) 1999-2006 Intel Corporation.
[    0.894045] Fusion MPT base driver 3.04.20
[    0.894628] Copyright (c) 1999-2008 LSI Corporation
[    0.897998] Fusion MPT SPI Host driver 3.04.20
[    0.918483] AVX2 version of gcm_enc/dec engaged.
[    0.919558] AES CTR mode by8 optimization enabled
[    1.126942] input: ImExPS/2 Generic Explorer Mouse as /devices/platform/i8042/serio1/input/input4
[    1.576042] e1000 0000:00:03.0 eth0: (PCI:33MHz:32-bit) 02:b4:6b:8c:b8:1a
[    1.577102] e1000 0000:00:03.0 eth0: Intel(R) PRO/1000 Network Connection
[    1.579158] mptbase: ioc0: Initiating bringup
[    2.645975] ioc0: LSI53C1030 A0: Capabilities={Initiator}
[    4.145326] scsi host2: ioc0: LSI53C1030 A0, FwRev=00000000h, Ports=1, MaxQ=256, IRQ=20
[    4.686561] scsi 2:0:0:0: Direct-Access     VBOX     HARDDISK         1.0  PQ: 0 ANSI: 5
[    5.421492] scsi target2:0:0: Beginning Domain Validation
[    5.477551] scsi target2:0:0: Domain Validation skipping write tests
[    5.478508] scsi target2:0:0: Ending Domain Validation
[    5.483301] scsi target2:0:0: asynchronous
[    5.488798] scsi 2:0:1:0: Direct-Access     VBOX     HARDDISK         1.0  PQ: 0 ANSI: 5
[    5.704132] scsi target2:0:1: Beginning Domain Validation
[    5.706312] random: fast init done
[    5.706986] scsi target2:0:1: Domain Validation skipping write tests
[    5.708968] scsi target2:0:1: Ending Domain Validation
[    5.710881] scsi target2:0:1: asynchronous
[    5.714458] random: systemd-udevd: uninitialized urandom read (16 bytes read)
[    5.714518] sd 2:0:0:0: Attached scsi generic sg0 type 0
[    5.715781] random: systemd-udevd: uninitialized urandom read (16 bytes read)
[    5.716666] sd 2:0:1:0: Attached scsi generic sg1 type 0
[    5.717698] random: systemd-udevd: uninitialized urandom read (16 bytes read)
[    5.719535] sd 2:0:0:0: [sda] 20971520 512-byte logical blocks: (10.7 GB/10.0 GiB)
[    5.720699] sd 2:0:0:0: [sda] Write Protect is off
[    5.720717] sd 2:0:1:0: [sdb] 20480 512-byte logical blocks: (10.5 MB/10.0 MiB)
[    5.722414] sd 2:0:1:0: [sdb] Write Protect is off
[    5.722439] sd 2:0:0:0: [sda] Incomplete mode parameter data
[    5.723826] sd 2:0:0:0: [sda] Assuming drive cache: write through
[    5.724971] sd 2:0:1:0: [sdb] Incomplete mode parameter data
[    5.725759] sd 2:0:1:0: [sdb] Assuming drive cache: write through
[    5.728338] sd 2:0:1:0: [sdb] Attached SCSI disk
[    5.730513]  sda: sda1
[    5.731344] sd 2:0:0:0: [sda] Attached SCSI disk
[    5.743837] e1000 0000:00:08.0 eth1: (PCI:33MHz:32-bit) 08:00:27:24:79:6b
[    5.745339] e1000 0000:00:08.0 eth1: Intel(R) PRO/1000 Network Connection
[    5.751279] e1000 0000:00:03.0 enp0s3: renamed from eth0
[    5.772416] e1000 0000:00:08.0 enp0s8: renamed from eth1
Begin: Loading essential drivers ... [    7.196095] raid6: sse2x1   gen() 11562 MB/s
[    7.244096] raid6: sse2x1   xor()  8120 MB/s
[    7.292093] raid6: sse2x2   gen() 13853 MB/s
[    7.342711] raid6: sse2x2   xor()  9841 MB/s
[    7.388071] raid6: sse2x4   gen() 14933 MB/s
[    7.438777] raid6: sse2x4   xor() 10216 MB/s
[    7.484093] raid6: avx2x1   gen() 21653 MB/s
[    7.532088] raid6: avx2x1   xor() 15469 MB/s
[    7.580109] raid6: avx2x2   gen() 25511 MB/s
[    7.628113] raid6: avx2x2   xor() 17080 MB/s
[    7.678901] raid6: avx2x4   gen() 33057 MB/s
[    7.726853] raid6: avx2x4   xor() 19463 MB/s
[    7.727482] raid6: using algorithm avx2x4 gen() 33057 MB/s
[    7.728414] raid6: .... xor() 19463 MB/s, rmw enabled
[    7.729062] raid6: using avx2x2 recovery algorithm
[    7.730923] xor: automatically using best checksumming function   avx       
[    7.733213] async_tx: api initialized (async)
done.
Begin: Running /scripts/init-premount ... done.
Begin: Mounting root file system ... Begin: Running /scripts/local-top ... done.
Begin: Running /scripts/local-premount ... [    7.785391] Btrfs loaded, crc32c=crc32c-intel
Scanning for Btrfs filesystems
done.
Warning: fsck not present, so skipping root file system
[    7.813190] EXT4-fs (sda1): mounted filesystem with ordered data mode. Opts: (null)
done.
Begin: Running /scripts/local-bottom ... done.
Begin: Running /scripts/init-bottom ... done.
[    8.013434] ip_tables: (C) 2000-2006 Netfilter Core Team
[    8.023615] systemd[1]: systemd 237 running in system mode. (+PAM +AUDIT +SELINUX +IMA +APPARMOR +SMACK +SYSVINIT +UTMP +LIBCRYPTSETUP +GCRYPT +GNUTLS +ACL +XZ +LZ4 +SECCOMP +BLKID +ELFUTILS +KMOD -IDN2 +IDN -PCRE2 default-hierarchy=hybrid)
[    8.027924] systemd[1]: Detected virtualization oracle.
[    8.028897] systemd[1]: Detected architecture x86-64.

Welcome to [1mUbuntu 18.04.4 LTS[0m!

[    8.034417] systemd[1]: Set hostname to <SRV-RADIO>.
[    8.319645] systemd[1]: Reached target Swap.
[[0;32m  OK  [0m] Reached target Swap.
[    8.333832] systemd[1]: Created slice User and Session Slice.
[[0;32m  OK  [0m] Created slice User and Session Slice.
[    8.337037] systemd[1]: Reached target User and Group Name Lookups.
[[0;32m  OK  [0m] Reached target User and Group Name Lookups.
[    8.339366] systemd[1]: Reached target System Time Synchronized.
[[0;32m  OK  [0m] Reached target System Time Synchronized.
[    8.341089] systemd[1]: Set up automount Arbitrary Executable File Formats File System Automount Point.
[[0;32m  OK  [0m] Set up automount Arbitrary Executab…rmats File System Automount Point.
[    8.343526] systemd[1]: Started Forward Password Requests to Wall Directory Watch.
[[0;32m  OK  [0m] Started Forward Password Requests to Wall Directory Watch.
[[0;32m  OK  [0m] Created slice System Slice.
[[0;32m  OK  [0m] Listening on Journal Socket.
         Starting Set the console keyboard layout...
[[0;32m  OK  [0m] Listening on udev Control Socket.
[[0;32m  OK  [0m] Listening on /dev/initctl Compatibility Named Pipe.
[[0;32m  OK  [0m] Listening on Journal Audit Socket.
[[0;32m  OK  [0m] Listening on Network Service Netlink Socket.
         Starting Uncomplicated firewall...
         Mounting Huge Pages File System...
         Starting Remount Root and Kernel File Systems...
[[0;32m  OK  [0m] Created slice system-serial\x2dgetty.slice.
         Starting Load Kernel Modules...
[[0;32m  OK  [0m] Listening on Syslog Socket.
         Starting Create list of required st…ce nodes for the current kernel...
[[0;32m  OK  [0m] Listening on udev Kernel Socket.
         Starting udev Coldplug all Devices...
[[0;32m  OK  [0m] Listening on LVM2 metadata daemon socket.
[[0;32m  OK  [0m] Reached target Slices.
         Mounting Kernel Debug File System...
[[0;32m  OK  [0m] Listening on Journal Socket (/dev/log).
         Starting Journal Service...
[[0;32m  OK  [0m] Listening on Device-mapper event daemon FIFOs.
         Starting Monitoring of LVM2 mirrors…ng dmeventd or progress polling...
         Mounting POSIX Message Queue File System...
[[0;32m  OK  [0m] Listening on LVM2 poll daemon socket.
[[0;32m  OK  [0m] Started Uncomplicated firewall.
[[0;32m  OK  [0m] Mounted Huge Pages File System.
[[0;32m  OK  [0m] Mounted Kernel Debug File System.
[[0;32m  OK  [0m] Mounted POSIX Message Queue File System.
[    8.407065] EXT4-fs (sda1): re-mounted. Opts: (null)
[[0;32m  OK  [0m] Started Remount Root and Kernel File Systems.
         Starting Load/Save Random Seed...
[[0;32m  OK  [0m] Started Create list of required sta…vice nodes for the current kernel.
[[0;32m  OK  [0m] Started udev Coldplug all Devices.
[[0;32m  OK  [0m] Started LVM2 metadata daemon.
         Starting Create Static Device Nodes in /dev...
[    8.463623] Loading iSCSI transport class v2.0-870.
[    8.469819] iscsi: registered transport (tcp)
[[0;32m  OK  [0m] Started Journal Service.
[[0;32m  OK  [0m] Started Load/Save Random Seed.
         Starting Flush Journal to Persistent Storage...
[[0;32m  OK  [0m] Started Create Static Device Nodes in /dev.
[    8.543010] iscsi: registered transport (iser)
         Starting udev Kernel Device Manager...
[[0;32m  OK  [0m] Started Load Kernel Modules.
         Mounting FUSE Control File System...
         Starting Apply Kernel Variables...
         Mounting Kernel Configuration File System...
[[0;32m  OK  [0m] Mounted FUSE Control File System.
[[0;32m  OK  [0m] Mounted Kernel Configuration File System.
[[0;32m  OK  [0m] Started Monitoring of LVM2 mirrors,…sing dmeventd or progress polling.
[    8.572714] systemd-journald[409]: Received request to flush runtime journal from PID 1
[[0;32m  OK  [0m] Started udev Kernel Device Manager.
[[0;32m  OK  [0m] Started Apply Kernel Variables.
[[0;32m  OK  [0m] Started Flush Journal to Persistent Storage.
[[0;32m  OK  [0m] Found device /dev/ttyS0.
[[0;32m  OK  [0m] Listening on Load/Save RF Kill Switch Status /dev/rfkill Watch.
[[0;32m  OK  [0m] Started Set the console keyboard layout.
[[0;32m  OK  [0m] Reached target Local File Systems (Pre).
[[0;32m  OK  [0m] Reached target Local File Systems.
         Starting AppArmor initialization...
         Starting Set console font and keymap...
         Starting Tell Plymouth To Write Out Runtime Data...
         Starting ebtables ruleset management...
         Starting Create Volatile Files and Directories...
[[0;32m  OK  [0m] Started Dispatch Password Requests to Console Directory Watch.
[[0;32m  OK  [0m] Reached target Local Encrypted Volumes.
[[0;32m  OK  [0m] Started Tell Plymouth To Write Out Runtime Data.
[[0;32m  OK  [0m] Started Set console font and keymap.
[[0;32m  OK  [0m] Started Create Volatile Files and Directories.
         Starting Update UTMP about System Boot/Shutdown...
[[0;32m  OK  [0m] Started ebtables ruleset management.
[[0;32m  OK  [0m] Started Update UTMP about System Boot/Shutdown.
[[0;32m  OK  [0m] Started AppArmor initialization.
         Starting Load AppArmor profiles managed internally by snapd...
         Starting Initial cloud-init job (pre-networking)...
[[0;32m  OK  [0m] Started Load AppArmor profiles managed internally by snapd.
[   10.731424] cloud-init[689]: Cloud-init v. 20.2-45-g5f7825e2-0ubuntu1~18.04.1 running 'init-local' at Mon, 14 Sep 2020 20:06:52 +0000. Up 10.52 seconds.
[[0;32m  OK  [0m] Started Initial cloud-init job (pre-networking).
[[0;32m  OK  [0m] Reached target Network (Pre).
         Starting Network Service...
[[0;32m  OK  [0m] Started Network Service.
         Starting Network Name Resolution...
         Starting Wait for Network to be Configured...
[[0;32m  OK  [0m] Started Network Name Resolution.
[[0;32m  OK  [0m] Reached target Network.
[[0;32m  OK  [0m] Reached target Host and Network Name Lookups.
[[0;32m  OK  [0m] Started Wait for Network to be Configured.
         Starting Initial cloud-init job (metadata service crawler)...
[   12.836503] cloud-init[798]: Cloud-init v. 20.2-45-g5f7825e2-0ubuntu1~18.04.1 running 'init' at Mon, 14 Sep 2020 20:06:54 +0000. Up 12.68 seconds.
[   12.840076] cloud-init[798]: ci-info: ++++++++++++++++++++++++++++++++++++++Net device info+++++++++++++++++++++++++++++++++++++++
[   12.842368] cloud-init[798]: ci-info: +--------+------+-----------------------------+---------------+--------+-------------------+
[   12.843903] cloud-init[798]: ci-info: | Device |  Up  |           Address           |      Mask     | Scope  |     Hw-Address    |
[   12.845579] cloud-init[798]: ci-info: +--------+------+-----------------------------+---------------+--------+-------------------+
[   12.847238] cloud-init[798]: ci-info: | enp0s3 | True |          10.0.2.15          | 255.255.255.0 | global | 02:b4:6b:8c:b8:1a |
[   12.849007] cloud-init[798]: ci-info: | enp0s3 | True |  fe80::b4:6bff:fe8c:b81a/64 |       .       |  link  | 02:b4:6b:8c:b8:1a |
[   12.850565] cloud-init[798]: ci-info: | enp0s8 | True |        192.168.10.239       | 255.255.255.0 | global | 08:00:27:24:79:6b |
[   12.851684] cloud-init[798]: ci-info: | enp0s8 | True | fe80::a00:27ff:fe24:796b/64 |       .       |  link  | 08:00:27:24:79:6b |
[   12.853884] cloud-init[798]: ci-info: |   lo   | True |          127.0.0.1          |   255.0.0.0   |  host  |         .         |
[   12.855068] cloud-init[798]: ci-info: |   lo   | True |           ::1/128           |       .       |  host  |         .         |
[   12.856397] cloud-init[798]: ci-info: +--------+------+-----------------------------+---------------+--------+-------------------+
[   12.857570] cloud-init[798]: ci-info: +++++++++++++++++++++++++++++++Route IPv4 info+++++++++++++++++++++++++++++++
[   12.858833] cloud-init[798]: ci-info: +-------+--------------+--------------+-----------------+-----------+-------+
[   12.860013] cloud-init[798]: ci-info: | Route | Destination  |   Gateway    |     Genmask     | Interface | Flags |
[   12.861214] cloud-init[798]: ci-info: +-------+--------------+--------------+-----------------+-----------+-------+
[   12.862352] cloud-init[798]: ci-info: |   0   |   0.0.0.0    |   10.0.2.2   |     0.0.0.0     |   enp0s3  |   UG  |
[   12.863471] cloud-init[798]: ci-info: |   1   |   0.0.0.0    | 192.168.10.1 |     0.0.0.0     |   enp0s8  |   UG  |
[   12.865465] cloud-init[798]: ci-info: |   2   |   10.0.2.0   |   0.0.0.0    |  255.255.255.0  |   enp0s3  |   U   |
[   12.866530] cloud-init[798]: ci-info: |   3   |   10.0.2.2   |   0.0.0.0    | 255.255.255.255 |   enp0s3  |   UH  |
[   12.867490] cloud-init[798]: ci-info: |   4   | 192.168.10.0 |   0.0.0.0    |  255.255.255.0  |   enp0s8  |   U   |
[   12.868388] cloud-init[798]: ci-info: |   5   | 192.168.10.1 |   0.0.0.0    | 255.255.255.255 |   enp0s8  |   UH  |
[   12.869331] cloud-init[798]: ci-info: +-------+--------------+--------------+-----------------+-----------+-------+
[   12.880250] cloud-init[798]: ci-info: +++++++++++++++++++Route IPv6 info+++++++++++++++++++
[   12.881401] cloud-init[798]: ci-info: +-------+-------------+---------+-----------+-------+
[   12.883685] cloud-init[798]: ci-info: | Route | Destination | Gateway | Interface | Flags |
[   12.884643] cloud-init[798]: ci-info: +-------+-------------+---------+-----------+-------+
[   12.885613] cloud-init[798]: ci-info: |   1   |  fe80::/64  |    ::   |   enp0s8  |   U   |
[   12.886541] cloud-init[798]: ci-info: |   2   |  fe80::/64  |    ::   |   enp0s3  |   U   |
[   12.887412] cloud-init[798]: ci-info: |   4   |    local    |    ::   |   enp0s3  |   U   |
[   12.888347] cloud-init[798]: ci-info: |   5   |    local    |    ::   |   enp0s8  |   U   |
[   12.889244] cloud-init[798]: ci-info: |   6   |   ff00::/8  |    ::   |   enp0s8  |   U   |
[   12.890145] cloud-init[798]: ci-info: |   7   |   ff00::/8  |    ::   |   enp0s3  |   U   |
[   12.891174] cloud-init[798]: ci-info: +-------+-------------+---------+-----------+-------+
[[0;32m  OK  [0m] Started Initial cloud-init job (metadata service crawler).
[[0;32m  OK  [0m] Reached target Cloud-config availability.
[[0;32m  OK  [0m] Reached target System Initialization.
[[0;32m  OK  [0m] Started Daily apt download activities.
[[0;32m  OK  [0m] Listening on D-Bus System Message Bus Socket.
[[0;32m  OK  [0m] Started Daily apt upgrade and clean activities.
         Starting Docker Socket for the API.
[[0;32m  OK  [0m] Started Discard unused blocks once a week.
[[0;32m  OK  [0m] Started Daily Cleanup of Temporary Directories.
[[0;32m  OK  [0m] Started Message of the Day.
[[0;32m  OK  [0m] Reached target Timers.
         Starting Socket activation for snappy daemon.
         Starting LXD - unix socket.
[[0;32m  OK  [0m] Listening on ACPID Listen Socket.
[[0;32m  OK  [0m] Started ACPI Events Check.
[[0;32m  OK  [0m] Listening on Open-iSCSI iscsid Socket.
[[0;32m  OK  [0m] Reached target Paths.
[[0;32m  OK  [0m] Listening on UUID daemon activation socket.
[[0;32m  OK  [0m] Reached target Network is Online.
         Starting Availability of block devices...
[[0;32m  OK  [0m] Reached target Remote File Systems (Pre).
[[0;32m  OK  [0m] Reached target Remote File Systems.
[[0;32m  OK  [0m] Listening on Docker Socket for the API.
[[0;32m  OK  [0m] Listening on Socket activation for snappy daemon.
[[0;32m  OK  [0m] Listening on LXD - unix socket.
[[0;32m  OK  [0m] Reached target Sockets.
[[0;32m  OK  [0m] Reached target Basic System.
         Starting Discard unused blocks...
[[0;32m  OK  [0m] Started Regular background program processing daemon.
         Starting Virtualbox guest utils...
         Starting LXD - container startup/shutdown...
         Starting Message of the Day...
         Starting Initialize hardware monitoring sensors...
         Starting Dispatcher daemon for systemd-networkd...
         Starting Permit User Sessions...
[[0;32m  OK  [0m] Started irqbalance daemon.
         Starting Accounts Service...
         Starting Pollinate to seed the pseudo random number generator...
[[0;32m  OK  [0m] Started FUSE filesystem for LXC.
         Starting LSB: web-based administration interface for Unix systems...
         Starting Login Service...
         Starting System Logging Service...
[[0;32m  OK  [0m] Started Deferred execution scheduler.
[[0;32m  OK  [0m] Started D-Bus System Message Bus.
         Starting Snap Daemon...
         Starting LSB: Record successful boot for GRUB...
         Starting LSB: automatic crash report generation...
         Starting containerd container runtime...
[[0;32m  OK  [0m] Started System Logging Service.
[[0;32m  OK  [0m] Started Availability of block devices.
[[0;32m  OK  [0m] Started Discard unused blocks.
[[0;32m  OK  [0m] Started Permit User Sessions.
[[0;32m  OK  [0m] Started containerd container runtime.
[[0;32m  OK  [0m] Started Initialize hardware monitoring sensors.
[[0;32m  OK  [0m] Started Login Service.
[[0;32m  OK  [0m] Started Unattended Upgrades Shutdown.
         Starting Docker Application Container Engine...
         Starting Authorization Manager...
         Starting Hold until boot process finishes up...
         Starting Terminate Plymouth Boot Screen...
[[0;32m  OK  [0m] Started Hold until boot process finishes up.
         Starting Set console scheme...
[[0;32m  OK  [0m] Started Serial Getty on ttyS0.
[[0;32m  OK  [0m] Started Terminate Plymouth Boot Screen.
[[0;32m  OK  [0m] Started LSB: automatic crash report generation.
[[0;32m  OK  [0m] Started LXD - container startup/shutdown.
[[0;32m  OK  [0m] Started Set console scheme.
[[0;32m  OK  [0m] Created slice system-getty.slice.
[[0;32m  OK  [0m] Started Getty on tty1.
[[0;32m  OK  [0m] Reached target Login Prompts.
[[0;32m  OK  [0m] Started Authorization Manager.
[[0;32m  OK  [0m] Started Accounts Service.
[[0;32m  OK  [0m] Started LSB: Record successful boot for GRUB.
[[0;32m  OK  [0m] Started Virtualbox guest utils.
[[0;32m  OK  [0m] Started Dispatcher daemon for systemd-networkd.
[[0;32m  OK  [0m] Started Snap Daemon.
         Starting Wait until snapd is fully seeded...
[[0;32m  OK  [0m] Started Wait until snapd is fully seeded.
         Starting Apply the settings specified in cloud-config...
[   15.790699] cloud-init[1336]: Cloud-init v. 20.2-45-g5f7825e2-0ubuntu1~18.04.1 running 'modules:config' at Mon, 14 Sep 2020 20:06:57 +0000. Up 15.62 seconds.
[[0;32m  OK  [0m] Started Apply the settings specified in cloud-config.
[[0;32m  OK  [0m] Started Pollinate to seed the pseudo random number generator.
         Starting OpenBSD Secure Shell server...
[[0;32m  OK  [0m] Started LSB: web-based administration interface for Unix systems.
[[0;32m  OK  [0m] Started OpenBSD Secure Shell server.
[[0;32m  OK  [0m] Created slice User Slice of vagrant.
         Starting User Manager for UID 1000...
[[0;32m  OK  [0m] Started Session 1 of user vagrant.
[[0;32m  OK  [0m] Started User Manager for UID 1000.
[[0;32m  OK  [0m] Started Message of the Day.

Ubuntu 18.04.4 LTS SRV-RADIO ttyS0

SRV-RADIO login: [   29.423512] cloud-init[5252]: Cloud-init v. 20.2-45-g5f7825e2-0ubuntu1~18.04.1 running 'modules:final' at Mon, 14 Sep 2020 20:07:10 +0000. Up 29.16 seconds.
[   29.425225] cloud-init[5252]: Cloud-init v. 20.2-45-g5f7825e2-0ubuntu1~18.04.1 finished at Mon, 14 Sep 2020 20:07:11 +0000. Datasource DataSourceNoCloud [seed=/dev/sdb][dsmode=net].  Up 29.40 seconds
